#
# There is insufficient memory for the Java Runtime Environment to continue.
# Native memory allocation (malloc) failed to allocate 1048576 bytes for AllocateHeap
# Possible reasons:
#   The system is out of physical RAM or swap space
#   In 32 bit mode, the process size limit was hit
# Possible solutions:
#   Reduce memory load on the system
#   Increase physical memory or swap space
#   Check if swap backing store is full
#   Use 64 bit Java on a 64 bit OS
#   Decrease Java heap size (-Xmx/-Xms)
#   Decrease number of Java threads
#   Decrease Java thread stack sizes (-Xss)
#   Set larger code cache with -XX:ReservedCodeCacheSize=
# This output file may be truncated or incomplete.
#
#  Out of Memory Error (memory/allocation.inline.hpp:61), pid=1060, tid=0x0000000000003938
#
# JRE version:  (8.0_181-b13) (build )
# Java VM: Java HotSpot(TM) 64-Bit Server VM (25.181-b13 mixed mode windows-amd64 compressed oops)
# Failed to write core dump. Minidumps are not enabled by default on client versions of Windows
#

---------------  T H R E A D  ---------------

Current thread (0x00000000030e8800):  JavaThread "Unknown thread" [_thread_in_vm, id=14648, stack(0x0000000002ee0000,0x0000000002fe0000)]

Stack: [0x0000000002ee0000,0x0000000002fe0000]
[error occurred during error reporting (printing stack bounds), id 0xc0000005]

Native frames: (J=compiled Java code, j=interpreted, Vv=VM code, C=native code)


---------------  P R O C E S S  ---------------

Java Threads: ( => current thread )

Other Threads:

=>0x00000000030e8800 (exited) JavaThread "Unknown thread" [_thread_in_vm, id=14648, stack(0x0000000002ee0000,0x0000000002fe0000)]

VM state:not at safepoint (normal execution)

VM Mutex/Monitor currently owned by a thread: None

Heap:
 PSYoungGen      total 38400K, used 665K [0x00000000d5b80000, 0x00000000d8600000, 0x0000000100000000)
  eden space 33280K, 2% used [0x00000000d5b80000,0x00000000d5c26670,0x00000000d7c00000)
  from space 5120K, 0% used [0x00000000d8100000,0x00000000d8100000,0x00000000d8600000)
  to   space 5120K, 0% used [0x00000000d7c00000,0x00000000d7c00000,0x00000000d8100000)
 ParOldGen       total 87552K, used 0K [0x0000000081200000, 0x0000000086780000, 0x00000000d5b80000)
  object space 87552K, 0% used [0x0000000081200000,0x0000000081200000,0x0000000086780000)
 Metaspace       used 775K, capacity 4480K, committed 4480K, reserved 1056768K
  class space    used 76K, capacity 384K, committed 384K, reserved 1048576K

Card table byte_map: [0x00000000126e0000,0x0000000012ae0000] byte_map_base: 0x00000000122d7000

Marking Bits: (ParMarkBitMap*) 0x000000006cf32d00
 Begin Bits: [0x0000000013190000, 0x0000000015148000)
 End Bits:   [0x0000000015148000, 0x0000000017100000)

Polling page: 0x0000000000d00000

CodeCache: size=245760Kb used=328Kb max_used=328Kb free=245431Kb
 bounds [0x0000000003320000, 0x0000000003590000, 0x0000000012320000]
 total_blobs=58 nmethods=0 adapters=38
 compilation: enabled

Compilation events (0 events):
No events

GC Heap History (0 events):
No events

Deoptimization events (0 events):
No events

Classes redefined (0 events):
No events

Internal exceptions (0 events):
No events

Events (10 events):
Event: 0.038 loading class java/lang/Short
Event: 0.038 loading class java/lang/Short done
Event: 0.038 loading class java/lang/Integer
Event: 0.039 loading class java/lang/Integer done
Event: 0.039 loading class java/lang/Long
Event: 0.039 loading class java/lang/Long done
Event: 0.039 loading class java/lang/NullPointerException
Event: 0.040 loading class java/lang/NullPointerException done
Event: 0.040 loading class java/lang/ArithmeticException
Event: 0.040 loading class java/lang/ArithmeticException done


Dynamic libraries:
0x00007ff727ea0000 - 0x00007ff727ed7000 	C:\Program Files\Java\jdk1.8.0_181\bin\java.exe
0x00007ffcbdea0000 - 0x00007ffcbe090000 	C:\WINDOWS\SYSTEM32\ntdll.dll
0x00007ffcbc390000 - 0x00007ffcbc442000 	C:\WINDOWS\System32\KERNEL32.DLL
0x00007ffcbafe0000 - 0x00007ffcbb285000 	C:\WINDOWS\System32\KERNELBASE.dll
0x00007ffcbc100000 - 0x00007ffcbc1a3000 	C:\WINDOWS\System32\ADVAPI32.dll
0x00007ffcbcc80000 - 0x00007ffcbcd1e000 	C:\WINDOWS\System32\msvcrt.dll
0x00007ffcbc2f0000 - 0x00007ffcbc387000 	C:\WINDOWS\System32\sechost.dll
0x00007ffcbdd30000 - 0x00007ffcbde50000 	C:\WINDOWS\System32\RPCRT4.dll
0x00007ffcbd140000 - 0x00007ffcbd2d5000 	C:\WINDOWS\System32\USER32.dll
0x00007ffcbaf10000 - 0x00007ffcbaf31000 	C:\WINDOWS\System32\win32u.dll
0x00007ffcbc260000 - 0x00007ffcbc286000 	C:\WINDOWS\System32\GDI32.dll
0x00007ffcbb290000 - 0x00007ffcbb426000 	C:\WINDOWS\System32\gdi32full.dll
0x00007ffcbb430000 - 0x00007ffcbb4ce000 	C:\WINDOWS\System32\msvcp_win.dll
0x00007ffcbbe50000 - 0x00007ffcbbf4a000 	C:\WINDOWS\System32\ucrtbase.dll
0x00007ffca0480000 - 0x00007ffca0704000 	C:\WINDOWS\WinSxS\amd64_microsoft.windows.common-controls_6595b64144ccf1df_6.0.18362.1082_none_9e8193e1e45b25c1\COMCTL32.dll
0x00007ffcbc930000 - 0x00007ffcbcc65000 	C:\WINDOWS\System32\combase.dll
0x00007ffcbae90000 - 0x00007ffcbaf10000 	C:\WINDOWS\System32\bcryptPrimitives.dll
0x00007ffcbce00000 - 0x00007ffcbce2e000 	C:\WINDOWS\System32\IMM32.DLL
0x000000006cfc0000 - 0x000000006d092000 	C:\Program Files\Java\jdk1.8.0_181\jre\bin\msvcr100.dll
0x000000006c710000 - 0x000000006cfb2000 	C:\Program Files\Java\jdk1.8.0_181\jre\bin\server\jvm.dll
0x00007ffcbcc70000 - 0x00007ffcbcc78000 	C:\WINDOWS\System32\PSAPI.DLL
0x00007ffcb74e0000 - 0x00007ffcb74e9000 	C:\WINDOWS\SYSTEM32\WSOCK32.dll
0x00007ffca3540000 - 0x00007ffca354a000 	C:\WINDOWS\SYSTEM32\VERSION.dll
0x00007ffcbc8c0000 - 0x00007ffcbc92f000 	C:\WINDOWS\System32\WS2_32.dll
0x00007ffcb8e40000 - 0x00007ffcb8e64000 	C:\WINDOWS\SYSTEM32\WINMM.dll
0x00007ffcb8e10000 - 0x00007ffcb8e3d000 	C:\WINDOWS\SYSTEM32\winmmbase.dll
0x00007ffcbaf60000 - 0x00007ffcbafaa000 	C:\WINDOWS\System32\cfgmgr32.dll
0x000000006c700000 - 0x000000006c70f000 	C:\Program Files\Java\jdk1.8.0_181\jre\bin\verify.dll
0x000000006c6d0000 - 0x000000006c6f9000 	C:\Program Files\Java\jdk1.8.0_181\jre\bin\java.dll
0x000000006c680000 - 0x000000006c6a3000 	C:\Program Files\Java\jdk1.8.0_181\jre\bin\instrument.dll
0x000000006c6b0000 - 0x000000006c6c6000 	C:\Program Files\Java\jdk1.8.0_181\jre\bin\zip.dll

VM Arguments:
jvm_args: -XX:TieredStopAtLevel=1 -Xverify:none -Dspring.output.ansi.enabled=always -Dcom.sun.management.jmxremote -Dspring.jmx.enabled=true -Dspring.liveBeansView.mbeanDomain -Dspring.application.admin.enabled=true -javaagent:C:\Program Files\JetBrains\IntelliJ IDEA 2019.3.3\lib\idea_rt.jar=25977:C:\Program Files\JetBrains\IntelliJ IDEA 2019.3.3\bin -Dfile.encoding=UTF-8 
java_command: com.xuecheng.filesystem.FileSystemApplication
java_class_path (initial): C:\Program Files\Java\jdk1.8.0_181\jre\lib\charsets.jar;C:\Program Files\Java\jdk1.8.0_181\jre\lib\deploy.jar;C:\Program Files\Java\jdk1.8.0_181\jre\lib\ext\access-bridge-64.jar;C:\Program Files\Java\jdk1.8.0_181\jre\lib\ext\cldrdata.jar;C:\Program Files\Java\jdk1.8.0_181\jre\lib\ext\dnsns.jar;C:\Program Files\Java\jdk1.8.0_181\jre\lib\ext\jaccess.jar;C:\Program Files\Java\jdk1.8.0_181\jre\lib\ext\jfxrt.jar;C:\Program Files\Java\jdk1.8.0_181\jre\lib\ext\localedata.jar;C:\Program Files\Java\jdk1.8.0_181\jre\lib\ext\nashorn.jar;C:\Program Files\Java\jdk1.8.0_181\jre\lib\ext\sunec.jar;C:\Program Files\Java\jdk1.8.0_181\jre\lib\ext\sunjce_provider.jar;C:\Program Files\Java\jdk1.8.0_181\jre\lib\ext\sunmscapi.jar;C:\Program Files\Java\jdk1.8.0_181\jre\lib\ext\sunpkcs11.jar;C:\Program Files\Java\jdk1.8.0_181\jre\lib\ext\zipfs.jar;C:\Program Files\Java\jdk1.8.0_181\jre\lib\javaws.jar;C:\Program Files\Java\jdk1.8.0_181\jre\lib\jce.jar;C:\Program Files\Java\jdk1.8.0_181\jre\lib\jfr.jar;C:\Program Files\Java\jdk1.8.0_181\jre\lib\jfxswt.jar;C:\Program Files\Java\jdk1.8.0_181\jre\lib\jsse.jar;C:\Program Files\Java\jdk1.8.0_181\jre\lib\management-agent.jar;C:\Program Files\Java\jdk1.8.0_181\jre\lib\plugin.jar;C:\Program Files\Java\jdk1.8.0_181\jre\lib\resources.jar;C:\Program Files\Java\jdk1.8.0_181\jre\lib\rt.jar;D:\IdeaLocalProject\xcEduService01\xc-service-base-filesystem\target\classes;D:\IdeaLocalProject\xcEduService01\xc-service-api\target\classes;D:\MyRepository\commons-fileupload\commons-fileupload\1.3.3\commons-fileupload-1.3.3.jar;D:\MyRepository\io\springfox\springfox-swagger2\2.7.0\springfox-swagger2-2.7.0.jar;D:\MyRepository\io\swagger\swagger-annotations\1.5.13\swagger-annotations-1.5.13.jar;D:\MyRepository\io\swagger\swagger-models\1.5.13\swagger-models-1.5.13.jar;D:\MyRepository\com\fasterxml\jackson\core\jackson-annotations\2.9.0\jackson-annotations-2.9.0.jar;D:\MyRepository\io\springfox\springfox-spi\2.7.0\springfox-spi-2.7.0.jar;D:\
Launcher Type: SUN_STANDARD

Environment Variables:
JAVA_HOME=C:\Program Files\Java\jdk1.8.0_181
CLASSPATH=.;C:\Program Files\Java\jdk1.8.0_181\lib\dt.jar;C:\Program Files\Java\jdk1.8.0_181\lib\tools.jar;D:\apache-tomcat-9.0.19\lib\servlet-api.jar
PATH=C:\ProgramData\Oracle\Java\javapath;C:\Program Files\Java\jdk1.8.0_181\bin;C:\Program Files\Java\jdk1.8.0_181\jre\bin;D:\apache-maven-3.6.3\bin;C:\Program Files (x86)\Common Files\Oracle\Java\javapath;D:\mysql-5.7.24-winx64\bin;C:\Program Files\MySQL\MySQL Utilities 1.6\;D:\apache-tomcat-9.0.19\bin;C:\WINDOWS\system32;C:\WINDOWS;C:\WINDOWS\System32\Wbem;C:\WINDOWS\System32\WindowsPowerShell\v1.0\;C:\WINDOWS\System32\OpenSSH\;D:\apache-maven-3.6.3\bin;D:\erl9.3\bin;D:\Environment\Git\cmd;D:\nodejs\;D:\nodejs\npm_modules;D:\nodejs\node_modules;C:\Users\小强子大大\AppData\Local\Microsoft\WindowsApps;;D:\360极速浏览器下载\IntelliJ IDEA 2019.3.4\bin;;D:\360极速浏览器下载\Microsoft VS Code\bin;D:\WebStorm\WebStorm 2020.1.1\bin;;C:\Users\小强子大大\AppData\Roaming\npm
USERNAME=小强子大大
OS=Windows_NT
PROCESSOR_IDENTIFIER=Intel64 Family 6 Model 142 Stepping 9, GenuineIntel



---------------  S Y S T E M  ---------------

OS: Windows 10.0 , 64 bit Build 18362 (10.0.18362.1082)

CPU:total 4 (initial active 4) (2 cores per cpu, 2 threads per core) family 6 model 142 stepping 9, cmov, cx8, fxsr, mmx, sse, sse2, sse3, ssse3, sse4.1, sse4.2, popcnt, avx, avx2, aes, clmul, erms, rtm, 3dnowpref, lzcnt, ht, tsc, tscinvbit, bmi1, bmi2, adx

Memory: 4k page, physical 8308108k(2550604k free), swap 17112584k(5304k free)

vm_info: Java HotSpot(TM) 64-Bit Server VM (25.181-b13) for windows-amd64 JRE (1.8.0_181-b13), built on Jul  7 2018 04:01:33 by "java_re" with MS VC++ 10.0 (VS2010)

time: Thu Oct 15 16:48:36 2020
elapsed time: 0 seconds (0d 0h 0m 0s)

