#
# There is insufficient memory for the Java Runtime Environment to continue.
# Native memory allocation (malloc) failed to allocate 32744 bytes for ChunkPool::allocate
# Possible reasons:
#   The system is out of physical RAM or swap space
#   In 32 bit mode, the process size limit was hit
# Possible solutions:
#   Reduce memory load on the system
#   Increase physical memory or swap space
#   Check if swap backing store is full
#   Use 64 bit Java on a 64 bit OS
#   Decrease Java heap size (-Xmx/-Xms)
#   Decrease number of Java threads
#   Decrease Java thread stack sizes (-Xss)
#   Set larger code cache with -XX:ReservedCodeCacheSize=
# This output file may be truncated or incomplete.
#
#  Out of Memory Error (allocation.cpp:273), pid=2012, tid=0x00000000000015c4
#
# JRE version: Java(TM) SE Runtime Environment (8.0_181-b13) (build 1.8.0_181-b13)
# Java VM: Java HotSpot(TM) 64-Bit Server VM (25.181-b13 mixed mode windows-amd64 compressed oops)
# Failed to write core dump. Minidumps are not enabled by default on client versions of Windows
#

---------------  T H R E A D  ---------------

Current thread (0x000000001a59a800):  JavaThread "C2 CompilerThread1" daemon [_thread_in_native, id=5572, stack(0x000000001a970000,0x000000001aa70000)]

Stack: [0x000000001a970000,0x000000001aa70000]
[error occurred during error reporting (printing stack bounds), id 0xc0000005]

Native frames: (J=compiled Java code, j=interpreted, Vv=VM code, C=native code)


Current CompileTask:
C2:  17280 5320       4       org.springframework.core.ResolvableType::forType (115 bytes)


---------------  P R O C E S S  ---------------

Java Threads: ( => current thread )
  0x0000000020f19800 JavaThread "Unknown thread" [_thread_blocked, id=8624, stack(0x0000000021e10000,0x0000000021f10000)]
  0x0000000020f0f000 JavaThread "Druid-ConnectionPool-Create-1274308620" daemon [_thread_blocked, id=13820, stack(0x0000000021ae0000,0x0000000021be0000)]
  0x0000000023493000 JavaThread "Unknown thread" [_thread_blocked, id=16728, stack(0x000000001f370000,0x000000001f470000)]
  0x000000001c563800 
[error occurred during error reporting (printing all threads), id 0xc0000005]

VM state:at safepoint (normal execution)

VM Mutex/Monitor currently owned by a thread:  ([mutex/lock_event])
[0x00000000035c28d0] Threads_lock - owner thread: 0x00000000183c7800
[0x00000000035cbc40] Heap_lock - owner thread: 0x00000000035cd800

Heap:
 PSYoungGen      total 355328K, used 10753K [0x00000000d5b80000, 0x00000000eeb80000, 0x0000000100000000)
  eden space 340992K, 0% used [0x00000000d5b80000,0x00000000d5b80000,0x00000000ea880000)
  from space 14336K, 75% used [0x00000000eb700000,0x00000000ec180568,0x00000000ec500000)
  to   space 14848K, 0% used [0x00000000ea880000,0x00000000ea880000,0x00000000eb700000)
 ParOldGen       total 76800K, used 29640K [0x0000000081200000, 0x0000000085d00000, 0x00000000d5b80000)
  object space 76800K, 38% used [0x0000000081200000,0x0000000082ef20b0,0x0000000085d00000)
 Metaspace       used 56974K, capacity 58882K, committed 58968K, reserved 1099776K
  class space    used 7411K, capacity 7757K, committed 7808K, reserved 1048576K

Card table byte_map: [0x0000000012c40000,0x0000000013040000] byte_map_base: 0x0000000012837000

Marking Bits: (ParMarkBitMap*) 0x0000000058162d00
 Begin Bits: [0x00000000136f0000, 0x00000000156a8000)
 End Bits:   [0x00000000156a8000, 0x0000000017660000)

Polling page: 0x0000000002f30000

CodeCache: size=245760Kb used=20380Kb max_used=20380Kb free=225379Kb
 bounds [0x0000000003880000, 0x0000000004c80000, 0x0000000012880000]
 total_blobs=5634 nmethods=5097 adapters=457
 compilation: enabled

Compilation events (10 events):
Event: 17.033 Thread 0x000000001a61f800 5497       2       org.springframework.util.ConcurrentReferenceHashMap::purgeUnreferencedEntries (33 bytes)
Event: 17.034 Thread 0x000000001a61f800 nmethod 5497 0x0000000004c6ecd0 code [0x0000000004c6ee40, 0x0000000004c6f048]
Event: 17.042 Thread 0x000000001a61f800 5498       3       java.text.DecimalFormatSymbols::getInstance (37 bytes)
Event: 17.042 Thread 0x000000001a61f800 nmethod 5498 0x0000000004c6f190 code [0x0000000004c6f340, 0x0000000004c6f888]
Event: 17.042 Thread 0x000000001a61f800 5499       3       java.util.Formatter::parse (151 bytes)
Event: 17.045 Thread 0x000000001a61f800 nmethod 5499 0x0000000004c6fa90 code [0x0000000004c6fee0, 0x0000000004c72998]
Event: 17.057 Thread 0x000000001a61f800 5500       3       java.util.HashMap::clear (50 bytes)
Event: 17.057 Thread 0x000000001a61f800 nmethod 5500 0x0000000004c74210 code [0x0000000004c74380, 0x0000000004c74750]
Event: 17.081 Thread 0x000000001a61f800 5501       3       java.util.regex.Pattern::compile (10 bytes)
Event: 17.082 Thread 0x000000001a61f800 nmethod 5501 0x0000000004c74890 code [0x0000000004c74a00, 0x0000000004c74be8]

GC Heap History (10 events):
Event: 10.080 GC heap after
Heap after GC invocations=10 (full 1):
 PSYoungGen      total 268288K, used 10221K [0x00000000d5b80000, 0x00000000ec500000, 0x0000000100000000)
  eden space 258048K, 0% used [0x00000000d5b80000,0x00000000d5b80000,0x00000000e5780000)
  from space 10240K, 99% used [0x00000000e5780000,0x00000000e617b470,0x00000000e6180000)
  to   space 14336K, 0% used [0x00000000eb700000,0x00000000eb700000,0x00000000ec500000)
 ParOldGen       total 47616K, used 12738K [0x0000000081200000, 0x0000000084080000, 0x00000000d5b80000)
  object space 47616K, 26% used [0x0000000081200000,0x0000000081e70860,0x0000000084080000)
 Metaspace       used 31688K, capacity 32848K, committed 33024K, reserved 1077248K
  class space    used 4089K, capacity 4342K, committed 4352K, reserved 1048576K
}
Event: 10.698 GC heap before
{Heap before GC invocations=11 (full 1):
 PSYoungGen      total 268288K, used 82476K [0x00000000d5b80000, 0x00000000ec500000, 0x0000000100000000)
  eden space 258048K, 28% used [0x00000000d5b80000,0x00000000da20fcb8,0x00000000e5780000)
  from space 10240K, 99% used [0x00000000e5780000,0x00000000e617b470,0x00000000e6180000)
  to   space 14336K, 0% used [0x00000000eb700000,0x00000000eb700000,0x00000000ec500000)
 ParOldGen       total 47616K, used 12738K [0x0000000081200000, 0x0000000084080000, 0x00000000d5b80000)
  object space 47616K, 26% used [0x0000000081200000,0x0000000081e70860,0x0000000084080000)
 Metaspace       used 34107K, capacity 35374K, committed 35416K, reserved 1079296K
  class space    used 4448K, capacity 4709K, committed 4736K, reserved 1048576K
Event: 10.720 GC heap after
Heap after GC invocations=11 (full 1):
 PSYoungGen      total 355328K, used 8966K [0x00000000d5b80000, 0x00000000eeb80000, 0x0000000100000000)
  eden space 340992K, 0% used [0x00000000d5b80000,0x00000000d5b80000,0x00000000ea880000)
  from space 14336K, 62% used [0x00000000eb700000,0x00000000ebfc1a98,0x00000000ec500000)
  to   space 14848K, 0% used [0x00000000ea880000,0x00000000ea880000,0x00000000eb700000)
 ParOldGen       total 47616K, used 17630K [0x0000000081200000, 0x0000000084080000, 0x00000000d5b80000)
  object space 47616K, 37% used [0x0000000081200000,0x0000000082337b00,0x0000000084080000)
 Metaspace       used 34107K, capacity 35374K, committed 35416K, reserved 1079296K
  class space    used 4448K, capacity 4709K, committed 4736K, reserved 1048576K
}
Event: 10.720 GC heap before
{Heap before GC invocations=12 (full 2):
 PSYoungGen      total 355328K, used 8966K [0x00000000d5b80000, 0x00000000eeb80000, 0x0000000100000000)
  eden space 340992K, 0% used [0x00000000d5b80000,0x00000000d5b80000,0x00000000ea880000)
  from space 14336K, 62% used [0x00000000eb700000,0x00000000ebfc1a98,0x00000000ec500000)
  to   space 14848K, 0% used [0x00000000ea880000,0x00000000ea880000,0x00000000eb700000)
 ParOldGen       total 47616K, used 17630K [0x0000000081200000, 0x0000000084080000, 0x00000000d5b80000)
  object space 47616K, 37% used [0x0000000081200000,0x0000000082337b00,0x0000000084080000)
 Metaspace       used 34107K, capacity 35374K, committed 35416K, reserved 1079296K
  class space    used 4448K, capacity 4709K, committed 4736K, reserved 1048576K
Event: 10.800 GC heap after
Heap after GC invocations=12 (full 2):
 PSYoungGen      total 355328K, used 0K [0x00000000d5b80000, 0x00000000eeb80000, 0x0000000100000000)
  eden space 340992K, 0% used [0x00000000d5b80000,0x00000000d5b80000,0x00000000ea880000)
  from space 14336K, 0% used [0x00000000eb700000,0x00000000eb700000,0x00000000ec500000)
  to   space 14848K, 0% used [0x00000000ea880000,0x00000000ea880000,0x00000000eb700000)
 ParOldGen       total 76800K, used 19256K [0x0000000081200000, 0x0000000085d00000, 0x00000000d5b80000)
  object space 76800K, 25% used [0x0000000081200000,0x00000000824ce038,0x0000000085d00000)
 Metaspace       used 34107K, capacity 35374K, committed 35416K, reserved 1079296K
  class space    used 4448K, capacity 4709K, committed 4736K, reserved 1048576K
}
Event: 15.002 GC heap before
{Heap before GC invocations=13 (full 2):
 PSYoungGen      total 355328K, used 340992K [0x00000000d5b80000, 0x00000000eeb80000, 0x0000000100000000)
  eden space 340992K, 100% used [0x00000000d5b80000,0x00000000ea880000,0x00000000ea880000)
  from space 14336K, 0% used [0x00000000eb700000,0x00000000eb700000,0x00000000ec500000)
  to   space 14848K, 0% used [0x00000000ea880000,0x00000000ea880000,0x00000000eb700000)
 ParOldGen       total 76800K, used 19256K [0x0000000081200000, 0x0000000085d00000, 0x00000000d5b80000)
  object space 76800K, 25% used [0x0000000081200000,0x00000000824ce038,0x0000000085d00000)
 Metaspace       used 47193K, capacity 48652K, committed 48984K, reserved 1091584K
  class space    used 6115K, capacity 6404K, committed 6528K, reserved 1048576K
Event: 15.020 GC heap after
Heap after GC invocations=13 (full 2):
 PSYoungGen      total 355840K, used 14837K [0x00000000d5b80000, 0x00000000eeb80000, 0x0000000100000000)
  eden space 340992K, 0% used [0x00000000d5b80000,0x00000000d5b80000,0x00000000ea880000)
  from space 14848K, 99% used [0x00000000ea880000,0x00000000eb6fd6a0,0x00000000eb700000)
  to   space 14336K, 0% used [0x00000000eb700000,0x00000000eb700000,0x00000000ec500000)
 ParOldGen       total 76800K, used 21111K [0x0000000081200000, 0x0000000085d00000, 0x00000000d5b80000)
  object space 76800K, 27% used [0x0000000081200000,0x000000008269deb8,0x0000000085d00000)
 Metaspace       used 47193K, capacity 48652K, committed 48984K, reserved 1091584K
  class space    used 6115K, capacity 6404K, committed 6528K, reserved 1048576K
}
Event: 17.115 GC heap before
{Heap before GC invocations=14 (full 2):
 PSYoungGen      total 355840K, used 239920K [0x00000000d5b80000, 0x00000000eeb80000, 0x0000000100000000)
  eden space 340992K, 66% used [0x00000000d5b80000,0x00000000e374ed50,0x00000000ea880000)
  from space 14848K, 99% used [0x00000000ea880000,0x00000000eb6fd6a0,0x00000000eb700000)
  to   space 14336K, 0% used [0x00000000eb700000,0x00000000eb700000,0x00000000ec500000)
 ParOldGen       total 76800K, used 21111K [0x0000000081200000, 0x0000000085d00000, 0x00000000d5b80000)
  object space 76800K, 27% used [0x0000000081200000,0x000000008269deb8,0x0000000085d00000)
 Metaspace       used 56974K, capacity 58882K, committed 58968K, reserved 1099776K
  class space    used 7411K, capacity 7757K, committed 7808K, reserved 1048576K
Event: 17.146 GC heap after
Heap after GC invocations=14 (full 2):
 PSYoungGen      total 355328K, used 10753K [0x00000000d5b80000, 0x00000000eeb80000, 0x0000000100000000)
  eden space 340992K, 0% used [0x00000000d5b80000,0x00000000d5b80000,0x00000000ea880000)
  from space 14336K, 75% used [0x00000000eb700000,0x00000000ec180568,0x00000000ec500000)
  to   space 14848K, 0% used [0x00000000ea880000,0x00000000ea880000,0x00000000eb700000)
 ParOldGen       total 76800K, used 29640K [0x0000000081200000, 0x0000000085d00000, 0x00000000d5b80000)
  object space 76800K, 38% used [0x0000000081200000,0x0000000082ef20b0,0x0000000085d00000)
 Metaspace       used 56974K, capacity 58882K, committed 58968K, reserved 1099776K
  class space    used 7411K, capacity 7757K, committed 7808K, reserved 1048576K
}
Event: 17.146 GC heap before
{Heap before GC invocations=15 (full 3):
 PSYoungGen      total 355328K, used 10753K [0x00000000d5b80000, 0x00000000eeb80000, 0x0000000100000000)
  eden space 340992K, 0% used [0x00000000d5b80000,0x00000000d5b80000,0x00000000ea880000)
  from space 14336K, 75% used [0x00000000eb700000,0x00000000ec180568,0x00000000ec500000)
  to   space 14848K, 0% used [0x00000000ea880000,0x00000000ea880000,0x00000000eb700000)
 ParOldGen       total 76800K, used 29640K [0x0000000081200000, 0x0000000085d00000, 0x00000000d5b80000)
  object space 76800K, 38% used [0x0000000081200000,0x0000000082ef20b0,0x0000000085d00000)
 Metaspace       used 56974K, capacity 58882K, committed 58968K, reserved 1099776K
  class space    used 7411K, capacity 7757K, committed 7808K, reserved 1048576K

Deoptimization events (10 events):
Event: 16.916 Thread 0x00000000035cd800 Uncommon trap: reason=unstable_if action=reinterpret pc=0x00000000042ccf64 method=org.springframework.util.ConcurrentReferenceHashMap$Segment.findInChain(Lorg/springframework/util/ConcurrentReferenceHashMap$Reference;Ljava/lang/Object;I)Lorg/springframewo
Event: 16.916 Thread 0x00000000035cd800 Uncommon trap: reason=unstable_if action=reinterpret pc=0x00000000041ea908 method=org.springframework.util.ConcurrentReferenceHashMap$Segment.findInChain(Lorg/springframework/util/ConcurrentReferenceHashMap$Reference;Ljava/lang/Object;I)Lorg/springframewo
Event: 16.929 Thread 0x00000000035cd800 Uncommon trap: reason=bimorphic action=maybe_recompile pc=0x0000000004c44330 method=java.util.Spliterators$ArraySpliterator.tryAdvance(Ljava/util/function/Consumer;)Z @ 49
Event: 16.957 Thread 0x00000000035cd800 Uncommon trap: reason=bimorphic action=maybe_recompile pc=0x0000000004c44330 method=java.util.Spliterators$ArraySpliterator.tryAdvance(Ljava/util/function/Consumer;)Z @ 49
Event: 17.021 Thread 0x00000000035cd800 Uncommon trap: reason=bimorphic action=maybe_recompile pc=0x0000000004c44330 method=java.util.Spliterators$ArraySpliterator.tryAdvance(Ljava/util/function/Consumer;)Z @ 49
Event: 17.021 Thread 0x00000000035cd800 Uncommon trap: reason=bimorphic action=maybe_recompile pc=0x0000000004c44330 method=java.util.Spliterators$ArraySpliterator.tryAdvance(Ljava/util/function/Consumer;)Z @ 49
Event: 17.067 Thread 0x00000000035cd800 Uncommon trap: reason=class_check action=maybe_recompile pc=0x00000000041e9660 method=java.util.regex.Matcher.search(I)Z @ 86
Event: 17.068 Thread 0x00000000035cd800 Uncommon trap: reason=class_check action=maybe_recompile pc=0x00000000041e9660 method=java.util.regex.Matcher.search(I)Z @ 86
Event: 17.068 Thread 0x00000000035cd800 Uncommon trap: reason=class_check action=maybe_recompile pc=0x00000000041e9660 method=java.util.regex.Matcher.search(I)Z @ 86
Event: 17.068 Thread 0x00000000035cd800 Uncommon trap: reason=class_check action=maybe_recompile pc=0x00000000041e9660 method=java.util.regex.Matcher.search(I)Z @ 86

Classes redefined (0 events):
No events

Internal exceptions (10 events):
Event: 16.716 Thread 0x00000000035cd800 Exception <a 'java/lang/ClassNotFoundException': java/lang/ObjectCustomizer> (0x00000000e0d3ab68) thrown at [C:\re\workspace\8-2-build-windows-amd64-cygwin\jdk8u181\11358\hotspot\src\share\vm\classfile\systemDictionary.cpp, line 210]
Event: 16.717 Thread 0x00000000035cd800 Exception <a 'java/lang/ClassNotFoundException': com/xuecheng/framework/domain/course/TeachplanMediaCustomizer> (0x00000000e0d7c450) thrown at [C:\re\workspace\8-2-build-windows-amd64-cygwin\jdk8u181\11358\hotspot\src\share\vm\classfile\systemDictionary.c
Event: 16.720 Thread 0x00000000035cd800 Exception <a 'java/lang/ClassNotFoundException': java/lang/ObjectCustomizer> (0x00000000e0dd9da8) thrown at [C:\re\workspace\8-2-build-windows-amd64-cygwin\jdk8u181\11358\hotspot\src\share\vm\classfile\systemDictionary.cpp, line 210]
Event: 16.722 Thread 0x00000000035cd800 Exception <a 'java/lang/ClassNotFoundException': com/xuecheng/framework/domain/course/TeachplanCustomizer> (0x00000000e0e17d88) thrown at [C:\re\workspace\8-2-build-windows-amd64-cygwin\jdk8u181\11358\hotspot\src\share\vm\classfile\systemDictionary.cpp, l
Event: 16.900 Thread 0x00000000035cd800 Exception <a 'java/lang/NoSuchMethodError': java.lang.Object.lambda$direct$0(Lorg/springframework/data/repository/core/support/MethodLookup$InvokedMethod;Ljava/lang/reflect/Method;)Z> (0x00000000e1ee9df8) thrown at [C:\re\workspace\8-2-build-windows-amd64
Event: 16.901 Thread 0x00000000035cd800 Exception <a 'java/lang/NoSuchMethodError': java.lang.Object.lambda$direct$1(Lorg/springframework/data/repository/core/support/MethodLookup$MethodPredicate;)Ljava/util/List;> (0x00000000e1eed450) thrown at [C:\re\workspace\8-2-build-windows-amd64-cygwin\j
Event: 16.903 Thread 0x00000000035cd800 Exception <a 'java/lang/NoSuchMethodError': java.lang.Object.lambda$and$0(Lorg/springframework/data/repository/core/support/MethodLookup;)Ljava/util/List;> (0x00000000e1f24528) thrown at [C:\re\workspace\8-2-build-windows-amd64-cygwin\jdk8u181\11358\hotsp
Event: 16.915 Thread 0x00000000035cd800 Exception <a 'java/lang/IncompatibleClassChangeError': Found class java.lang.Object, but interface was expected> (0x00000000e201ce28) thrown at [C:\re\workspace\8-2-build-windows-amd64-cygwin\jdk8u181\11358\hotspot\src\share\vm\interpreter\linkResolver.cp
Event: 16.986 Thread 0x00000000035cd800 Exception <a 'java/lang/NoSuchMethodError': java.lang.Object.lambda$map$1(Ljava/util/function/Function;)Ljava/util/stream/Stream;> (0x00000000e26e8710) thrown at [C:\re\workspace\8-2-build-windows-amd64-cygwin\jdk8u181\11358\hotspot\src\share\vm\interpret
Event: 17.056 Thread 0x00000000035cd800 Exception <a 'java/lang/reflect/InvocationTargetException'> (0x00000000e2d9f2d8) thrown at [C:\re\workspace\8-2-build-windows-amd64-cygwin\jdk8u181\11358\hotspot\src\share\vm\runtime\reflection.cpp, line 1092]

Events (10 events):
Event: 17.112 Thread 0x00000000035cd800 DEOPT UNPACKING pc=0x00000000038c7890 sp=0x00000000034e94c0 mode 1
Event: 17.112 Thread 0x00000000035cd800 DEOPT PACKING pc=0x0000000004868f7c sp=0x00000000034e9830
Event: 17.112 Thread 0x00000000035cd800 DEOPT UNPACKING pc=0x00000000038c7890 sp=0x00000000034e9650 mode 1
Event: 17.114 loading class org/hibernate/query/criteria/internal/ListJoinImplementor
Event: 17.114 loading class org/hibernate/query/criteria/internal/ListJoinImplementor done
Event: 17.114 Thread 0x00000000035cd800 DEOPT PACKING pc=0x00000000048691e4 sp=0x00000000034e96a0
Event: 17.114 Thread 0x00000000035cd800 DEOPT UNPACKING pc=0x00000000038c7890 sp=0x00000000034e94c0 mode 1
Event: 17.114 Thread 0x00000000035cd800 DEOPT PACKING pc=0x0000000004868f7c sp=0x00000000034e9830
Event: 17.114 Thread 0x00000000035cd800 DEOPT UNPACKING pc=0x00000000038c7890 sp=0x00000000034e9650 mode 1
Event: 17.115 Executing VM operation: CollectForMetadataAllocation


Dynamic libraries:
0x00007ff73ace0000 - 0x00007ff73ad17000 	C:\Program Files\Java\jdk1.8.0_181\bin\java.exe
0x00007ff8ff120000 - 0x00007ff8ff310000 	C:\WINDOWS\SYSTEM32\ntdll.dll
0x00007ff8fd230000 - 0x00007ff8fd2e2000 	C:\WINDOWS\System32\KERNEL32.DLL
0x00007ff8fc240000 - 0x00007ff8fc4e5000 	C:\WINDOWS\System32\KERNELBASE.dll
0x00007ff8feb30000 - 0x00007ff8febd3000 	C:\WINDOWS\System32\ADVAPI32.dll
0x00007ff8fd570000 - 0x00007ff8fd60e000 	C:\WINDOWS\System32\msvcrt.dll
0x00007ff8fd8f0000 - 0x00007ff8fd987000 	C:\WINDOWS\System32\sechost.dll
0x00007ff8fd2f0000 - 0x00007ff8fd410000 	C:\WINDOWS\System32\RPCRT4.dll
0x00007ff8fd610000 - 0x00007ff8fd7a5000 	C:\WINDOWS\System32\USER32.dll
0x00007ff8fc1e0000 - 0x00007ff8fc201000 	C:\WINDOWS\System32\win32u.dll
0x00007ff8fe720000 - 0x00007ff8fe746000 	C:\WINDOWS\System32\GDI32.dll
0x00007ff8fc510000 - 0x00007ff8fc6a6000 	C:\WINDOWS\System32\gdi32full.dll
0x00007ff8fc6b0000 - 0x00007ff8fc74e000 	C:\WINDOWS\System32\msvcp_win.dll
0x00007ff8fc750000 - 0x00007ff8fc84a000 	C:\WINDOWS\System32\ucrtbase.dll
0x00007ff8e1b60000 - 0x00007ff8e1de4000 	C:\WINDOWS\WinSxS\amd64_microsoft.windows.common-controls_6595b64144ccf1df_6.0.18362.1082_none_9e8193e1e45b25c1\COMCTL32.dll
0x00007ff8fdbb0000 - 0x00007ff8fdee5000 	C:\WINDOWS\System32\combase.dll
0x00007ff8fc0b0000 - 0x00007ff8fc130000 	C:\WINDOWS\System32\bcryptPrimitives.dll
0x00007ff8fdb70000 - 0x00007ff8fdb9e000 	C:\WINDOWS\System32\IMM32.DLL
0x0000000058660000 - 0x0000000058732000 	C:\Program Files\Java\jdk1.8.0_181\jre\bin\msvcr100.dll
0x0000000057940000 - 0x00000000581e2000 	C:\Program Files\Java\jdk1.8.0_181\jre\bin\server\jvm.dll
0x00007ff8febe0000 - 0x00007ff8febe8000 	C:\WINDOWS\System32\PSAPI.DLL
0x00007ff8fa180000 - 0x00007ff8fa189000 	C:\WINDOWS\SYSTEM32\WSOCK32.dll
0x00007ff8feac0000 - 0x00007ff8feb2f000 	C:\WINDOWS\System32\WS2_32.dll
0x00007ff8fa030000 - 0x00007ff8fa054000 	C:\WINDOWS\SYSTEM32\WINMM.dll
0x00007ff8e4cc0000 - 0x00007ff8e4cca000 	C:\WINDOWS\SYSTEM32\VERSION.dll
0x00007ff8fa000000 - 0x00007ff8fa02d000 	C:\WINDOWS\SYSTEM32\WINMMBASE.dll
0x00007ff8fd180000 - 0x00007ff8fd1ca000 	C:\WINDOWS\System32\cfgmgr32.dll
0x0000000058650000 - 0x000000005865f000 	C:\Program Files\Java\jdk1.8.0_181\jre\bin\verify.dll
0x0000000058620000 - 0x0000000058649000 	C:\Program Files\Java\jdk1.8.0_181\jre\bin\java.dll
0x0000000056ed0000 - 0x0000000056f05000 	C:\Program Files\Java\jdk1.8.0_181\jre\bin\jdwp.dll
0x0000000056ec0000 - 0x0000000056ec8000 	C:\Program Files\Java\jdk1.8.0_181\jre\bin\npt.dll
0x0000000058580000 - 0x00000000585a3000 	C:\Program Files\Java\jdk1.8.0_181\jre\bin\instrument.dll
0x0000000058600000 - 0x0000000058616000 	C:\Program Files\Java\jdk1.8.0_181\jre\bin\zip.dll
0x00007ff8fdfd0000 - 0x00007ff8fe6b7000 	C:\WINDOWS\System32\SHELL32.dll
0x00007ff8fdac0000 - 0x00007ff8fdb69000 	C:\WINDOWS\System32\shcore.dll
0x00007ff8fc8b0000 - 0x00007ff8fd030000 	C:\WINDOWS\System32\windows.storage.dll
0x00007ff8fc060000 - 0x00007ff8fc083000 	C:\WINDOWS\System32\profapi.dll
0x00007ff8fc010000 - 0x00007ff8fc05a000 	C:\WINDOWS\System32\powrprof.dll
0x00007ff8fbfe0000 - 0x00007ff8fbff0000 	C:\WINDOWS\System32\UMPDC.dll
0x00007ff8fe6c0000 - 0x00007ff8fe712000 	C:\WINDOWS\System32\shlwapi.dll
0x00007ff8fc090000 - 0x00007ff8fc0a1000 	C:\WINDOWS\System32\kernel.appcore.dll
0x00007ff8fc4f0000 - 0x00007ff8fc507000 	C:\WINDOWS\System32\cryptsp.dll
0x0000000056eb0000 - 0x0000000056eb9000 	C:\Program Files\Java\jdk1.8.0_181\jre\bin\dt_socket.dll
0x00007ff8fb830000 - 0x00007ff8fb897000 	C:\WINDOWS\system32\mswsock.dll
0x00000000585e0000 - 0x00000000585fa000 	C:\Program Files\Java\jdk1.8.0_181\jre\bin\net.dll
0x00000000585c0000 - 0x00000000585d1000 	C:\Program Files\Java\jdk1.8.0_181\jre\bin\nio.dll
0x00007ff8fb540000 - 0x00007ff8fb57a000 	C:\WINDOWS\SYSTEM32\IPHLPAPI.DLL
0x00007ff8fdfc0000 - 0x00007ff8fdfc8000 	C:\WINDOWS\System32\NSI.dll
0x00007ff8f2ae0000 - 0x00007ff8f2af6000 	C:\WINDOWS\SYSTEM32\dhcpcsvc6.DLL
0x00007ff8f2ac0000 - 0x00007ff8f2adc000 	C:\WINDOWS\SYSTEM32\dhcpcsvc.DLL
0x00007ff8fb580000 - 0x00007ff8fb64b000 	C:\WINDOWS\SYSTEM32\DNSAPI.dll
0x00007ff8f3120000 - 0x00007ff8f312a000 	C:\Windows\System32\rasadhlp.dll
0x00000000585b0000 - 0x00000000585bd000 	C:\Program Files\Java\jdk1.8.0_181\jre\bin\management.dll
0x00007ff8f24f0000 - 0x00007ff8f2567000 	C:\WINDOWS\System32\fwpuclnt.dll
0x00007ff8fc210000 - 0x00007ff8fc236000 	C:\WINDOWS\System32\bcrypt.dll
0x00007ff8dd320000 - 0x00007ff8dd336000 	C:\WINDOWS\system32\napinsp.dll
0x00007ff8dd300000 - 0x00007ff8dd31a000 	C:\WINDOWS\system32\pnrpnsp.dll
0x00007ff8dd2f0000 - 0x00007ff8dd2fe000 	C:\WINDOWS\System32\winrnr.dll
0x00007ff8f8770000 - 0x00007ff8f878c000 	C:\WINDOWS\system32\NLAapi.dll
0x00007ff8f6550000 - 0x00007ff8f6565000 	C:\WINDOWS\system32\wshbth.dll
0x00007ff8fb340000 - 0x00007ff8fb373000 	C:\WINDOWS\system32\rsaenh.dll
0x00007ff8fbec0000 - 0x00007ff8fbee5000 	C:\WINDOWS\SYSTEM32\USERENV.dll
0x00007ff8fba00000 - 0x00007ff8fba0c000 	C:\WINDOWS\SYSTEM32\CRYPTBASE.dll

VM Arguments:
jvm_args: -agentlib:jdwp=transport=dt_socket,address=127.0.0.1:23483,suspend=y,server=n -ea -Didea.test.cyclic.buffer.size=1048576 -javaagent:C:\Users\小强子大大\.IntelliJIdea2019.3\system\captureAgent\debugger-agent.jar -Dfile.encoding=UTF-8 
java_command: com.intellij.rt.junit.JUnitStarter -ideVersion5 -junit4 com.xuecheng.manage_course.TestRibbon,testRibbon
java_class_path (initial): C:\Program Files\JetBrains\IntelliJ IDEA 2019.3.3\lib\idea_rt.jar;C:\Program Files\JetBrains\IntelliJ IDEA 2019.3.3\plugins\junit\lib\junit5-rt.jar;C:\Program Files\JetBrains\IntelliJ IDEA 2019.3.3\plugins\junit\lib\junit-rt.jar;C:\Program Files\Java\jdk1.8.0_181\jre\lib\charsets.jar;C:\Program Files\Java\jdk1.8.0_181\jre\lib\deploy.jar;C:\Program Files\Java\jdk1.8.0_181\jre\lib\ext\access-bridge-64.jar;C:\Program Files\Java\jdk1.8.0_181\jre\lib\ext\cldrdata.jar;C:\Program Files\Java\jdk1.8.0_181\jre\lib\ext\dnsns.jar;C:\Program Files\Java\jdk1.8.0_181\jre\lib\ext\jaccess.jar;C:\Program Files\Java\jdk1.8.0_181\jre\lib\ext\jfxrt.jar;C:\Program Files\Java\jdk1.8.0_181\jre\lib\ext\localedata.jar;C:\Program Files\Java\jdk1.8.0_181\jre\lib\ext\nashorn.jar;C:\Program Files\Java\jdk1.8.0_181\jre\lib\ext\sunec.jar;C:\Program Files\Java\jdk1.8.0_181\jre\lib\ext\sunjce_provider.jar;C:\Program Files\Java\jdk1.8.0_181\jre\lib\ext\sunmscapi.jar;C:\Program Files\Java\jdk1.8.0_181\jre\lib\ext\sunpkcs11.jar;C:\Program Files\Java\jdk1.8.0_181\jre\lib\ext\zipfs.jar;C:\Program Files\Java\jdk1.8.0_181\jre\lib\javaws.jar;C:\Program Files\Java\jdk1.8.0_181\jre\lib\jce.jar;C:\Program Files\Java\jdk1.8.0_181\jre\lib\jfr.jar;C:\Program Files\Java\jdk1.8.0_181\jre\lib\jfxswt.jar;C:\Program Files\Java\jdk1.8.0_181\jre\lib\jsse.jar;C:\Program Files\Java\jdk1.8.0_181\jre\lib\management-agent.jar;C:\Program Files\Java\jdk1.8.0_181\jre\lib\plugin.jar;C:\Program Files\Java\jdk1.8.0_181\jre\lib\resources.jar;C:\Program Files\Java\jdk1.8.0_181\jre\lib\rt.jar;D:\IdeaLocalProject\xcEduService01\xc-service-manage-course\target\test-classes;D:\IdeaLocalProject\xcEduService01\xc-service-manage-course\target\classes;D:\MyRepository\org\springframework\cloud\spring-cloud-starter-netflix-eureka-client\2.0.1.RELEASE\spring-cloud-starter-netflix-eureka-client-2.0.1.RELEASE.jar;D:\MyRepository\org\springframework\cloud\spring-cloud-starter\2.0.1.RELEASE\spring-cloud-starter-2.0.1.R
Launcher Type: SUN_STANDARD

Environment Variables:
JAVA_HOME=C:\Program Files\Java\jdk1.8.0_181
CLASSPATH=.;C:\Program Files\Java\jdk1.8.0_181\lib\dt.jar;C:\Program Files\Java\jdk1.8.0_181\lib\tools.jar;D:\apache-tomcat-9.0.19\lib\servlet-api.jar
PATH=C:\ProgramData\Oracle\Java\javapath;C:\Program Files\Java\jdk1.8.0_181\bin;C:\Program Files\Java\jdk1.8.0_181\jre\bin;D:\apache-maven-3.6.3\bin;C:\Program Files (x86)\Common Files\Oracle\Java\javapath;D:\mysql-5.7.24-winx64\bin;C:\Program Files\MySQL\MySQL Utilities 1.6\;D:\apache-tomcat-9.0.19\bin;C:\WINDOWS\system32;C:\WINDOWS;C:\WINDOWS\System32\Wbem;C:\WINDOWS\System32\WindowsPowerShell\v1.0\;C:\WINDOWS\System32\OpenSSH\;D:\apache-maven-3.6.3\bin;D:\erl9.3\bin;D:\Environment\Git\cmd;D:\nodejs\;D:\nodejs\npm_modules;D:\nodejs\node_modules;C:\Users\小强子大大\AppData\Local\Microsoft\WindowsApps;;D:\360极速浏览器下载\IntelliJ IDEA 2019.3.4\bin;;D:\360极速浏览器下载\Microsoft VS Code\bin;D:\WebStorm\WebStorm 2020.1.1\bin;;C:\Users\小强子大大\AppData\Roaming\npm
USERNAME=小强子大大
OS=Windows_NT
PROCESSOR_IDENTIFIER=Intel64 Family 6 Model 142 Stepping 9, GenuineIntel



---------------  S Y S T E M  ---------------

OS: Windows 10.0 , 64 bit Build 18362 (10.0.18362.1082)

CPU:total 4 (initial active 4) (2 cores per cpu, 2 threads per core) family 6 model 142 stepping 9, cmov, cx8, fxsr, mmx, sse, sse2, sse3, ssse3, sse4.1, sse4.2, popcnt, avx, avx2, aes, clmul, erms, rtm, 3dnowpref, lzcnt, ht, tsc, tscinvbit, bmi1, bmi2, adx

Memory: 4k page, physical 8308108k(689048k free), swap 17112584k(4136k free)

vm_info: Java HotSpot(TM) 64-Bit Server VM (25.181-b13) for windows-amd64 JRE (1.8.0_181-b13), built on Jul  7 2018 04:01:33 by "java_re" with MS VC++ 10.0 (VS2010)

time: Wed Oct 14 20:02:31 2020
elapsed time: 17 seconds (0d 0h 0m 17s)

